<?xml version="1.0" encoding="UTF-8"?>
<!-- Generated by org.testng.reporters.JUnitXMLReporter -->
<testsuite ignored="0" hostname="DESKTOP-FQPIC8Q" failures="0" tests="6" name="Default test" time="63.47" errors="0" timestamp="22 Apr 2021 18:19:52 GMT">
  <testcase classname="test.Tests" name="TestAddingPoll" time="7.989"/>
  <testcase classname="test.Tests" name="TweetWithInvalidFileType" time="5.453"/>
  <testcase classname="test.Tests" name="TweetWithMoreThanMaxLength" time="7.573"/>
  <testcase classname="test.Tests" name="TweetWithValidGif" time="10.077"/>
  <testcase classname="test.Tests" name="TweetWithValidText" time="5.274"/>
  <testcase classname="test.Tests" name="TweetWithValidTweetTwice" time="5.839"/>
</testsuite> <!-- Default test -->
